PLINK v1.90b2f 64-bit (17 Aug 2014)
6 arguments: --23file menome.txt --recode vcf --snps-only no-DI
Hostname: CUBE
Working directory: C:\Users\R S\Documents\GitHub\Finalproject
Start time: Fri Aug 22 21:34:10 2014

Random number seed: 1408761250
8111 MB RAM detected; reserving 4055 MB for main workspace.
--23file: plink-temporary.bed + plink-temporary.bim + plink-temporary.fam
written.
997 variants with indel calls present.  '--snps-only no-DI' or
--list-23-indels may be useful here.
Inferred sex: male.
959617 variants loaded from .bim file.
1 person (1 male, 0 females) loaded from .fam.
Using 1 thread (no multithreaded calculations invoked).
Calculating allele frequencies... done.
Warning: 134 het. haploid genotypes present (see plink.hh ).
Total genotyping rate is 0.977383.
959617 variants and 1 person pass filters and QC.
Note: No phenotypes present.
--recode vcf to plink.vcf ... done.

End time: Fri Aug 22 21:34:12 2014
